INFO - 2023-11-17 06:28:01 --> Session: Class initialized using 'CodeIgniter\Session\Handlers\FileHandler' driver.
INFO - 2023-11-17 06:28:10 --> Session: Class initialized using 'CodeIgniter\Session\Handlers\FileHandler' driver.
INFO - 2023-11-17 06:28:10 --> Session: Class initialized using 'CodeIgniter\Session\Handlers\FileHandler' driver.
INFO - 2023-11-17 07:51:10 --> Session: Class initialized using 'CodeIgniter\Session\Handlers\FileHandler' driver.
INFO - 2023-11-17 07:51:16 --> Session: Class initialized using 'CodeIgniter\Session\Handlers\FileHandler' driver.
INFO - 2023-11-17 07:51:18 --> Session: Class initialized using 'CodeIgniter\Session\Handlers\FileHandler' driver.
INFO - 2023-11-17 07:51:22 --> Session: Class initialized using 'CodeIgniter\Session\Handlers\FileHandler' driver.
INFO - 2023-11-17 07:51:25 --> Session: Class initialized using 'CodeIgniter\Session\Handlers\FileHandler' driver.
INFO - 2023-11-17 07:51:29 --> Session: Class initialized using 'CodeIgniter\Session\Handlers\FileHandler' driver.
INFO - 2023-11-17 09:17:55 --> Session: Class initialized using 'CodeIgniter\Session\Handlers\FileHandler' driver.
INFO - 2023-11-17 09:17:58 --> Session: Class initialized using 'CodeIgniter\Session\Handlers\FileHandler' driver.
CRITICAL - 2023-11-17 09:17:58 --> Undefined variable $buku
in APPPATH\Views\buku\v_index.php on line 55.
 1 APPPATH\Views\buku\v_index.php(55): CodeIgniter\Debug\Exceptions->errorHandler(2, 'Undefined variable $buku', 'C:\\Users\\ACER\\OneDrive\\Documents\\XAMPP\\htdocs\\webperpus\\app\\Views\\buku\\v_index.php', 55)
 2 SYSTEMPATH\View\View.php(226): include('C:\\Users\\ACER\\OneDrive\\Documents\\XAMPP\\htdocs\\webperpus\\app\\Views\\buku\\v_index.php')
 3 SYSTEMPATH\View\View.php(229): CodeIgniter\View\View->CodeIgniter\View\{closure}()
 4 SYSTEMPATH\Common.php(1188): CodeIgniter\View\View->render('buku/v_index', [], true)
 5 APPPATH\Views\v_template_admin.php(261): view('buku/v_index')
 6 SYSTEMPATH\View\View.php(226): include('C:\\Users\\ACER\\OneDrive\\Documents\\XAMPP\\htdocs\\webperpus\\app\\Views\\v_template_admin.php')
 7 SYSTEMPATH\View\View.php(229): CodeIgniter\View\View->CodeIgniter\View\{closure}()
 8 SYSTEMPATH\Common.php(1188): CodeIgniter\View\View->render('v_template_admin', [], true)
 9 APPPATH\Controllers\Buku.php(30): view('v_template_admin', [...])
10 SYSTEMPATH\CodeIgniter.php(919): App\Controllers\Buku->index()
11 SYSTEMPATH\CodeIgniter.php(494): CodeIgniter\CodeIgniter->runController(Object(App\Controllers\Buku))
12 SYSTEMPATH\CodeIgniter.php(353): CodeIgniter\CodeIgniter->handleRequest(null, Object(Config\Cache), false)
13 FCPATH\index.php(79): CodeIgniter\CodeIgniter->run()
INFO - 2023-11-17 09:18:38 --> Session: Class initialized using 'CodeIgniter\Session\Handlers\FileHandler' driver.
CRITICAL - 2023-11-17 09:18:38 --> Undefined variable $Buku
in APPPATH\Views\buku\v_index.php on line 55.
 1 APPPATH\Views\buku\v_index.php(55): CodeIgniter\Debug\Exceptions->errorHandler(2, 'Undefined variable $Buku', 'C:\\Users\\ACER\\OneDrive\\Documents\\XAMPP\\htdocs\\webperpus\\app\\Views\\buku\\v_index.php', 55)
 2 SYSTEMPATH\View\View.php(226): include('C:\\Users\\ACER\\OneDrive\\Documents\\XAMPP\\htdocs\\webperpus\\app\\Views\\buku\\v_index.php')
 3 SYSTEMPATH\View\View.php(229): CodeIgniter\View\View->CodeIgniter\View\{closure}()
 4 SYSTEMPATH\Common.php(1188): CodeIgniter\View\View->render('buku/v_index', [], true)
 5 APPPATH\Views\v_template_admin.php(261): view('buku/v_index')
 6 SYSTEMPATH\View\View.php(226): include('C:\\Users\\ACER\\OneDrive\\Documents\\XAMPP\\htdocs\\webperpus\\app\\Views\\v_template_admin.php')
 7 SYSTEMPATH\View\View.php(229): CodeIgniter\View\View->CodeIgniter\View\{closure}()
 8 SYSTEMPATH\Common.php(1188): CodeIgniter\View\View->render('v_template_admin', [], true)
 9 APPPATH\Controllers\Buku.php(30): view('v_template_admin', [...])
10 SYSTEMPATH\CodeIgniter.php(919): App\Controllers\Buku->index()
11 SYSTEMPATH\CodeIgniter.php(494): CodeIgniter\CodeIgniter->runController(Object(App\Controllers\Buku))
12 SYSTEMPATH\CodeIgniter.php(353): CodeIgniter\CodeIgniter->handleRequest(null, Object(Config\Cache), false)
13 FCPATH\index.php(79): CodeIgniter\CodeIgniter->run()
INFO - 2023-11-17 09:18:49 --> Session: Class initialized using 'CodeIgniter\Session\Handlers\FileHandler' driver.
CRITICAL - 2023-11-17 09:18:49 --> Undefined variable $buku
in APPPATH\Views\buku\v_index.php on line 55.
 1 APPPATH\Views\buku\v_index.php(55): CodeIgniter\Debug\Exceptions->errorHandler(2, 'Undefined variable $buku', 'C:\\Users\\ACER\\OneDrive\\Documents\\XAMPP\\htdocs\\webperpus\\app\\Views\\buku\\v_index.php', 55)
 2 SYSTEMPATH\View\View.php(226): include('C:\\Users\\ACER\\OneDrive\\Documents\\XAMPP\\htdocs\\webperpus\\app\\Views\\buku\\v_index.php')
 3 SYSTEMPATH\View\View.php(229): CodeIgniter\View\View->CodeIgniter\View\{closure}()
 4 SYSTEMPATH\Common.php(1188): CodeIgniter\View\View->render('buku/v_index', [], true)
 5 APPPATH\Views\v_template_admin.php(261): view('buku/v_index')
 6 SYSTEMPATH\View\View.php(226): include('C:\\Users\\ACER\\OneDrive\\Documents\\XAMPP\\htdocs\\webperpus\\app\\Views\\v_template_admin.php')
 7 SYSTEMPATH\View\View.php(229): CodeIgniter\View\View->CodeIgniter\View\{closure}()
 8 SYSTEMPATH\Common.php(1188): CodeIgniter\View\View->render('v_template_admin', [], true)
 9 APPPATH\Controllers\Buku.php(30): view('v_template_admin', [...])
10 SYSTEMPATH\CodeIgniter.php(919): App\Controllers\Buku->index()
11 SYSTEMPATH\CodeIgniter.php(494): CodeIgniter\CodeIgniter->runController(Object(App\Controllers\Buku))
12 SYSTEMPATH\CodeIgniter.php(353): CodeIgniter\CodeIgniter->handleRequest(null, Object(Config\Cache), false)
13 FCPATH\index.php(79): CodeIgniter\CodeIgniter->run()
INFO - 2023-11-17 09:19:37 --> Session: Class initialized using 'CodeIgniter\Session\Handlers\FileHandler' driver.
CRITICAL - 2023-11-17 09:19:37 --> Undefined variable $buku
in APPPATH\Views\buku\v_index.php on line 55.
 1 APPPATH\Views\buku\v_index.php(55): CodeIgniter\Debug\Exceptions->errorHandler(2, 'Undefined variable $buku', 'C:\\Users\\ACER\\OneDrive\\Documents\\XAMPP\\htdocs\\webperpus\\app\\Views\\buku\\v_index.php', 55)
 2 SYSTEMPATH\View\View.php(226): include('C:\\Users\\ACER\\OneDrive\\Documents\\XAMPP\\htdocs\\webperpus\\app\\Views\\buku\\v_index.php')
 3 SYSTEMPATH\View\View.php(229): CodeIgniter\View\View->CodeIgniter\View\{closure}()
 4 SYSTEMPATH\Common.php(1188): CodeIgniter\View\View->render('buku/v_index', [], true)
 5 APPPATH\Views\v_template_admin.php(261): view('buku/v_index')
 6 SYSTEMPATH\View\View.php(226): include('C:\\Users\\ACER\\OneDrive\\Documents\\XAMPP\\htdocs\\webperpus\\app\\Views\\v_template_admin.php')
 7 SYSTEMPATH\View\View.php(229): CodeIgniter\View\View->CodeIgniter\View\{closure}()
 8 SYSTEMPATH\Common.php(1188): CodeIgniter\View\View->render('v_template_admin', [], true)
 9 APPPATH\Controllers\Buku.php(30): view('v_template_admin', [...])
10 SYSTEMPATH\CodeIgniter.php(919): App\Controllers\Buku->index()
11 SYSTEMPATH\CodeIgniter.php(494): CodeIgniter\CodeIgniter->runController(Object(App\Controllers\Buku))
12 SYSTEMPATH\CodeIgniter.php(353): CodeIgniter\CodeIgniter->handleRequest(null, Object(Config\Cache), false)
13 FCPATH\index.php(79): CodeIgniter\CodeIgniter->run()
INFO - 2023-11-17 09:31:27 --> Session: Class initialized using 'CodeIgniter\Session\Handlers\FileHandler' driver.
CRITICAL - 2023-11-17 09:31:28 --> Undefined variable $buku
in APPPATH\Views\buku\v_index.php on line 55.
 1 APPPATH\Views\buku\v_index.php(55): CodeIgniter\Debug\Exceptions->errorHandler(2, 'Undefined variable $buku', 'C:\\Users\\ACER\\OneDrive\\Documents\\XAMPP\\htdocs\\webperpus\\app\\Views\\buku\\v_index.php', 55)
 2 SYSTEMPATH\View\View.php(226): include('C:\\Users\\ACER\\OneDrive\\Documents\\XAMPP\\htdocs\\webperpus\\app\\Views\\buku\\v_index.php')
 3 SYSTEMPATH\View\View.php(229): CodeIgniter\View\View->CodeIgniter\View\{closure}()
 4 SYSTEMPATH\Common.php(1188): CodeIgniter\View\View->render('buku/v_index', [], true)
 5 APPPATH\Views\v_template_admin.php(261): view('buku/v_index')
 6 SYSTEMPATH\View\View.php(226): include('C:\\Users\\ACER\\OneDrive\\Documents\\XAMPP\\htdocs\\webperpus\\app\\Views\\v_template_admin.php')
 7 SYSTEMPATH\View\View.php(229): CodeIgniter\View\View->CodeIgniter\View\{closure}()
 8 SYSTEMPATH\Common.php(1188): CodeIgniter\View\View->render('v_template_admin', [], true)
 9 APPPATH\Controllers\Buku.php(30): view('v_template_admin', [...])
10 SYSTEMPATH\CodeIgniter.php(919): App\Controllers\Buku->index()
11 SYSTEMPATH\CodeIgniter.php(494): CodeIgniter\CodeIgniter->runController(Object(App\Controllers\Buku))
12 SYSTEMPATH\CodeIgniter.php(353): CodeIgniter\CodeIgniter->handleRequest(null, Object(Config\Cache), false)
13 FCPATH\index.php(79): CodeIgniter\CodeIgniter->run()
INFO - 2023-11-17 09:31:30 --> Session: Class initialized using 'CodeIgniter\Session\Handlers\FileHandler' driver.
INFO - 2023-11-17 09:31:34 --> Session: Class initialized using 'CodeIgniter\Session\Handlers\FileHandler' driver.
CRITICAL - 2023-11-17 09:31:34 --> Undefined variable $buku
in APPPATH\Views\buku\v_index.php on line 55.
 1 APPPATH\Views\buku\v_index.php(55): CodeIgniter\Debug\Exceptions->errorHandler(2, 'Undefined variable $buku', 'C:\\Users\\ACER\\OneDrive\\Documents\\XAMPP\\htdocs\\webperpus\\app\\Views\\buku\\v_index.php', 55)
 2 SYSTEMPATH\View\View.php(226): include('C:\\Users\\ACER\\OneDrive\\Documents\\XAMPP\\htdocs\\webperpus\\app\\Views\\buku\\v_index.php')
 3 SYSTEMPATH\View\View.php(229): CodeIgniter\View\View->CodeIgniter\View\{closure}()
 4 SYSTEMPATH\Common.php(1188): CodeIgniter\View\View->render('buku/v_index', [], true)
 5 APPPATH\Views\v_template_admin.php(261): view('buku/v_index')
 6 SYSTEMPATH\View\View.php(226): include('C:\\Users\\ACER\\OneDrive\\Documents\\XAMPP\\htdocs\\webperpus\\app\\Views\\v_template_admin.php')
 7 SYSTEMPATH\View\View.php(229): CodeIgniter\View\View->CodeIgniter\View\{closure}()
 8 SYSTEMPATH\Common.php(1188): CodeIgniter\View\View->render('v_template_admin', [], true)
 9 APPPATH\Controllers\Buku.php(30): view('v_template_admin', [...])
10 SYSTEMPATH\CodeIgniter.php(919): App\Controllers\Buku->index()
11 SYSTEMPATH\CodeIgniter.php(494): CodeIgniter\CodeIgniter->runController(Object(App\Controllers\Buku))
12 SYSTEMPATH\CodeIgniter.php(353): CodeIgniter\CodeIgniter->handleRequest(null, Object(Config\Cache), false)
13 FCPATH\index.php(79): CodeIgniter\CodeIgniter->run()
INFO - 2023-11-17 09:43:56 --> Session: Class initialized using 'CodeIgniter\Session\Handlers\FileHandler' driver.
CRITICAL - 2023-11-17 09:43:56 --> Undefined variable $buku
in APPPATH\Views\buku\v_index.php on line 55.
 1 APPPATH\Views\buku\v_index.php(55): CodeIgniter\Debug\Exceptions->errorHandler(2, 'Undefined variable $buku', 'C:\\Users\\ACER\\OneDrive\\Documents\\XAMPP\\htdocs\\webperpus\\app\\Views\\buku\\v_index.php', 55)
 2 SYSTEMPATH\View\View.php(226): include('C:\\Users\\ACER\\OneDrive\\Documents\\XAMPP\\htdocs\\webperpus\\app\\Views\\buku\\v_index.php')
 3 SYSTEMPATH\View\View.php(229): CodeIgniter\View\View->CodeIgniter\View\{closure}()
 4 SYSTEMPATH\Common.php(1188): CodeIgniter\View\View->render('buku/v_index', [], true)
 5 APPPATH\Views\v_template_admin.php(261): view('buku/v_index')
 6 SYSTEMPATH\View\View.php(226): include('C:\\Users\\ACER\\OneDrive\\Documents\\XAMPP\\htdocs\\webperpus\\app\\Views\\v_template_admin.php')
 7 SYSTEMPATH\View\View.php(229): CodeIgniter\View\View->CodeIgniter\View\{closure}()
 8 SYSTEMPATH\Common.php(1188): CodeIgniter\View\View->render('v_template_admin', [], true)
 9 APPPATH\Controllers\Buku.php(30): view('v_template_admin', [...])
10 SYSTEMPATH\CodeIgniter.php(919): App\Controllers\Buku->index()
11 SYSTEMPATH\CodeIgniter.php(494): CodeIgniter\CodeIgniter->runController(Object(App\Controllers\Buku))
12 SYSTEMPATH\CodeIgniter.php(353): CodeIgniter\CodeIgniter->handleRequest(null, Object(Config\Cache), false)
13 FCPATH\index.php(79): CodeIgniter\CodeIgniter->run()
INFO - 2023-11-17 09:54:41 --> Session: Class initialized using 'CodeIgniter\Session\Handlers\FileHandler' driver.
CRITICAL - 2023-11-17 09:54:41 --> Undefined variable $buku
in APPPATH\Views\buku\v_index.php on line 55.
 1 APPPATH\Views\buku\v_index.php(55): CodeIgniter\Debug\Exceptions->errorHandler(2, 'Undefined variable $buku', 'C:\\Users\\ACER\\OneDrive\\Documents\\XAMPP\\htdocs\\webperpus\\app\\Views\\buku\\v_index.php', 55)
 2 SYSTEMPATH\View\View.php(226): include('C:\\Users\\ACER\\OneDrive\\Documents\\XAMPP\\htdocs\\webperpus\\app\\Views\\buku\\v_index.php')
 3 SYSTEMPATH\View\View.php(229): CodeIgniter\View\View->CodeIgniter\View\{closure}()
 4 SYSTEMPATH\Common.php(1188): CodeIgniter\View\View->render('buku/v_index', [], true)
 5 APPPATH\Views\v_template_admin.php(261): view('buku/v_index')
 6 SYSTEMPATH\View\View.php(226): include('C:\\Users\\ACER\\OneDrive\\Documents\\XAMPP\\htdocs\\webperpus\\app\\Views\\v_template_admin.php')
 7 SYSTEMPATH\View\View.php(229): CodeIgniter\View\View->CodeIgniter\View\{closure}()
 8 SYSTEMPATH\Common.php(1188): CodeIgniter\View\View->render('v_template_admin', [], true)
 9 APPPATH\Controllers\Buku.php(30): view('v_template_admin', [...])
10 SYSTEMPATH\CodeIgniter.php(919): App\Controllers\Buku->index()
11 SYSTEMPATH\CodeIgniter.php(494): CodeIgniter\CodeIgniter->runController(Object(App\Controllers\Buku))
12 SYSTEMPATH\CodeIgniter.php(353): CodeIgniter\CodeIgniter->handleRequest(null, Object(Config\Cache), false)
13 FCPATH\index.php(79): CodeIgniter\CodeIgniter->run()
INFO - 2023-11-17 11:02:57 --> Session: Class initialized using 'CodeIgniter\Session\Handlers\FileHandler' driver.
INFO - 2023-11-17 11:03:04 --> Session: Class initialized using 'CodeIgniter\Session\Handlers\FileHandler' driver.
INFO - 2023-11-17 11:03:04 --> Session: Class initialized using 'CodeIgniter\Session\Handlers\FileHandler' driver.
INFO - 2023-11-17 11:03:06 --> Session: Class initialized using 'CodeIgniter\Session\Handlers\FileHandler' driver.
INFO - 2023-11-17 11:07:34 --> Session: Class initialized using 'CodeIgniter\Session\Handlers\FileHandler' driver.
INFO - 2023-11-17 11:07:37 --> Session: Class initialized using 'CodeIgniter\Session\Handlers\FileHandler' driver.
CRITICAL - 2023-11-17 11:07:37 --> Undefined variable $user
in APPPATH\Views\buku\v_index.php on line 41.
 1 APPPATH\Views\buku\v_index.php(41): CodeIgniter\Debug\Exceptions->errorHandler(2, 'Undefined variable $user', 'C:\\Users\\ACER\\OneDrive\\Documents\\XAMPP\\htdocs\\webperpus\\app\\Views\\buku\\v_index.php', 41)
 2 SYSTEMPATH\View\View.php(226): include('C:\\Users\\ACER\\OneDrive\\Documents\\XAMPP\\htdocs\\webperpus\\app\\Views\\buku\\v_index.php')
 3 SYSTEMPATH\View\View.php(229): CodeIgniter\View\View->CodeIgniter\View\{closure}()
 4 SYSTEMPATH\Common.php(1188): CodeIgniter\View\View->render('buku/v_index', [], true)
 5 APPPATH\Views\v_template_admin.php(261): view('buku/v_index')
 6 SYSTEMPATH\View\View.php(226): include('C:\\Users\\ACER\\OneDrive\\Documents\\XAMPP\\htdocs\\webperpus\\app\\Views\\v_template_admin.php')
 7 SYSTEMPATH\View\View.php(229): CodeIgniter\View\View->CodeIgniter\View\{closure}()
 8 SYSTEMPATH\Common.php(1188): CodeIgniter\View\View->render('v_template_admin', [], true)
 9 APPPATH\Controllers\Buku.php(29): view('v_template_admin', [...])
10 SYSTEMPATH\CodeIgniter.php(919): App\Controllers\Buku->index()
11 SYSTEMPATH\CodeIgniter.php(494): CodeIgniter\CodeIgniter->runController(Object(App\Controllers\Buku))
12 SYSTEMPATH\CodeIgniter.php(353): CodeIgniter\CodeIgniter->handleRequest(null, Object(Config\Cache), false)
13 FCPATH\index.php(79): CodeIgniter\CodeIgniter->run()
INFO - 2023-11-17 11:14:09 --> Session: Class initialized using 'CodeIgniter\Session\Handlers\FileHandler' driver.
CRITICAL - 2023-11-17 11:14:09 --> Undefined variable $user
in APPPATH\Views\buku\v_index.php on line 69.
 1 APPPATH\Views\buku\v_index.php(69): CodeIgniter\Debug\Exceptions->errorHandler(2, 'Undefined variable $user', 'C:\\Users\\ACER\\OneDrive\\Documents\\XAMPP\\htdocs\\webperpus\\app\\Views\\buku\\v_index.php', 69)
 2 SYSTEMPATH\View\View.php(226): include('C:\\Users\\ACER\\OneDrive\\Documents\\XAMPP\\htdocs\\webperpus\\app\\Views\\buku\\v_index.php')
 3 SYSTEMPATH\View\View.php(229): CodeIgniter\View\View->CodeIgniter\View\{closure}()
 4 SYSTEMPATH\Common.php(1188): CodeIgniter\View\View->render('buku/v_index', [], true)
 5 APPPATH\Views\v_template_admin.php(261): view('buku/v_index')
 6 SYSTEMPATH\View\View.php(226): include('C:\\Users\\ACER\\OneDrive\\Documents\\XAMPP\\htdocs\\webperpus\\app\\Views\\v_template_admin.php')
 7 SYSTEMPATH\View\View.php(229): CodeIgniter\View\View->CodeIgniter\View\{closure}()
 8 SYSTEMPATH\Common.php(1188): CodeIgniter\View\View->render('v_template_admin', [], true)
 9 APPPATH\Controllers\Buku.php(29): view('v_template_admin', [...])
10 SYSTEMPATH\CodeIgniter.php(919): App\Controllers\Buku->index()
11 SYSTEMPATH\CodeIgniter.php(494): CodeIgniter\CodeIgniter->runController(Object(App\Controllers\Buku))
12 SYSTEMPATH\CodeIgniter.php(353): CodeIgniter\CodeIgniter->handleRequest(null, Object(Config\Cache), false)
13 FCPATH\index.php(79): CodeIgniter\CodeIgniter->run()
INFO - 2023-11-17 11:17:00 --> Session: Class initialized using 'CodeIgniter\Session\Handlers\FileHandler' driver.
INFO - 2023-11-17 11:18:39 --> Session: Class initialized using 'CodeIgniter\Session\Handlers\FileHandler' driver.
INFO - 2023-11-17 11:19:42 --> Session: Class initialized using 'CodeIgniter\Session\Handlers\FileHandler' driver.
INFO - 2023-11-17 11:20:30 --> Session: Class initialized using 'CodeIgniter\Session\Handlers\FileHandler' driver.
INFO - 2023-11-17 11:20:50 --> Session: Class initialized using 'CodeIgniter\Session\Handlers\FileHandler' driver.
INFO - 2023-11-17 11:21:17 --> Session: Class initialized using 'CodeIgniter\Session\Handlers\FileHandler' driver.
INFO - 2023-11-17 11:44:22 --> Session: Class initialized using 'CodeIgniter\Session\Handlers\FileHandler' driver.
INFO - 2023-11-17 11:46:31 --> Session: Class initialized using 'CodeIgniter\Session\Handlers\FileHandler' driver.
INFO - 2023-11-17 11:47:47 --> Session: Class initialized using 'CodeIgniter\Session\Handlers\FileHandler' driver.
INFO - 2023-11-17 11:50:08 --> Session: Class initialized using 'CodeIgniter\Session\Handlers\FileHandler' driver.
INFO - 2023-11-17 11:52:44 --> Session: Class initialized using 'CodeIgniter\Session\Handlers\FileHandler' driver.
INFO - 2023-11-17 11:53:19 --> Session: Class initialized using 'CodeIgniter\Session\Handlers\FileHandler' driver.
INFO - 2023-11-17 11:53:43 --> Session: Class initialized using 'CodeIgniter\Session\Handlers\FileHandler' driver.
INFO - 2023-11-17 11:55:23 --> Session: Class initialized using 'CodeIgniter\Session\Handlers\FileHandler' driver.
INFO - 2023-11-17 11:55:38 --> Session: Class initialized using 'CodeIgniter\Session\Handlers\FileHandler' driver.
INFO - 2023-11-17 12:07:35 --> Session: Class initialized using 'CodeIgniter\Session\Handlers\FileHandler' driver.
INFO - 2023-11-17 12:10:17 --> Session: Class initialized using 'CodeIgniter\Session\Handlers\FileHandler' driver.
INFO - 2023-11-17 12:11:52 --> Session: Class initialized using 'CodeIgniter\Session\Handlers\FileHandler' driver.
INFO - 2023-11-17 12:15:30 --> Session: Class initialized using 'CodeIgniter\Session\Handlers\FileHandler' driver.
INFO - 2023-11-17 12:18:17 --> Session: Class initialized using 'CodeIgniter\Session\Handlers\FileHandler' driver.
INFO - 2023-11-17 12:20:04 --> Session: Class initialized using 'CodeIgniter\Session\Handlers\FileHandler' driver.
